{
  "numFailedTestSuites": 0,
  "numFailedTests": 0,
  "numPassedTestSuites": 1,
  "numPassedTests": 85,
  "numPendingTestSuites": 0,
  "numPendingTests": 0,
  "numRuntimeErrorTestSuites": 0,
  "numTodoTests": 0,
  "numTotalTestSuites": 1,
  "numTotalTests": 85,
  "openHandles": [],
  "snapshot": {
    "added": 0,
    "didUpdate": false,
    "failure": false,
    "filesAdded": 0,
    "filesRemoved": 0,
    "filesRemovedList": [],
    "filesUnmatched": 0,
    "filesUpdated": 0,
    "matched": 0,
    "total": 0,
    "unchecked": 0,
    "uncheckedKeysByFile": [],
    "unmatched": 0,
    "updated": 0
  },
  "startTime": 1603461713276,
  "success": false,
  "testResults": [
    {
      "leaks": false,
      "numFailingTests": 0,
      "numPassingTests": 85,
      "numPendingTests": 0,
      "numTodoTests": 0,
      "openHandles": [],
      "perfStats": {
        "end": 1603461743023,
        "start": 1603461714007
      },
      "skipped": false,
      "snapshot": {
        "added": 0,
        "fileDeleted": false,
        "matched": 0,
        "unchecked": 0,
        "unmatched": 0,
        "updated": 0,
        "uncheckedKeys": []
      },
      "testFilePath": "/opt/app/testing_components_v1/component_test/main.test.js",
      "testResults": [
        {
          "ancestorTitles": [
            "Staged [be-entity] Microservice",
            " ON [Entities] Api",
            " Endpoint: /entities/:entity_id/profiles"
          ],
          "duration": 331,
          "failureMessages": [],
          "fullName": "Staged [be-entity] Microservice  ON [Entities] Api  Endpoint: /entities/:entity_id/profiles [POST] Case I: Post Entities profile",
          "location": null,
          "numPassingAsserts": 0,
          "status": "passed",
          "title": "[POST] Case I: Post Entities profile"
        },
        {
          "ancestorTitles": [
            "Staged [be-entity] Microservice",
            " ON [Entities] Api",
            " Endpoint: /entities/getEntitiesList"
          ],
          "duration": 13,
          "failureMessages": [],
          "fullName": "Staged [be-entity] Microservice  ON [Entities] Api  Endpoint: /entities/getEntitiesList [POST] Case I: Create Entity List",
          "location": null,
          "numPassingAsserts": 0,
          "status": "passed",
          "title": "[POST] Case I: Create Entity List"
        },
        {
          "ancestorTitles": [
            "Staged [be-entity] Microservice",
            " ON [Entities] Api",
            " Endpoint: /entities/getRelations/:entity_id"
          ],
          "duration": 34,
          "failureMessages": [],
          "fullName": "Staged [be-entity] Microservice  ON [Entities] Api  Endpoint: /entities/getRelations/:entity_id [GET] Case I: Get relations of entities by id",
          "location": null,
          "numPassingAsserts": 0,
          "status": "passed",
          "title": "[GET] Case I: Get relations of entities by id"
        },
        {
          "ancestorTitles": [
            "Staged [be-entity] Microservice",
            " ON [Entities] Api",
            " Endpoint: /entities/:id"
          ],
          "duration": 12,
          "failureMessages": [],
          "fullName": "Staged [be-entity] Microservice  ON [Entities] Api  Endpoint: /entities/:id [DELETE] Case I: Delete entities",
          "location": null,
          "numPassingAsserts": 0,
          "status": "passed",
          "title": "[DELETE] Case I: Delete entities"
        },
        {
          "ancestorTitles": [
            "Staged [be-entity] Microservice",
            " ON [Entities] Api",
            " Endpoint: /entities/:id"
          ],
          "duration": 11,
          "failureMessages": [],
          "fullName": "Staged [be-entity] Microservice  ON [Entities] Api  Endpoint: /entities/:id [GET] Case II: Get entities by id",
          "location": null,
          "numPassingAsserts": 0,
          "status": "passed",
          "title": "[GET] Case II: Get entities by id"
        },
        {
          "ancestorTitles": [
            "Staged [be-entity] Microservice",
            " ON [Entities] Api",
            " Endpoint: /entities/:id/profiles"
          ],
          "duration": 23,
          "failureMessages": [],
          "fullName": "Staged [be-entity] Microservice  ON [Entities] Api  Endpoint: /entities/:id/profiles [DELETE] Case I: Delete profile entities ",
          "location": null,
          "numPassingAsserts": 0,
          "status": "passed",
          "title": "[DELETE] Case I: Delete profile entities "
        },
        {
          "ancestorTitles": [
            "Staged [be-entity] Microservice",
            " ON [Entities] Api",
            " Endpoint: /entities/legal/all"
          ],
          "duration": 20,
          "failureMessages": [],
          "fullName": "Staged [be-entity] Microservice  ON [Entities] Api  Endpoint: /entities/legal/all [GET] Case I: retrieve all legal representatives of the entities",
          "location": null,
          "numPassingAsserts": 0,
          "status": "passed",
          "title": "[GET] Case I: retrieve all legal representatives of the entities"
        },
        {
          "ancestorTitles": [
            "Staged [be-entity] Microservice",
            " ON [Entities] Api",
            " Endpoint: /entities/payerAndSeller"
          ],
          "duration": 38,
          "failureMessages": [],
          "fullName": "Staged [be-entity] Microservice  ON [Entities] Api  Endpoint: /entities/payerAndSeller [POST] Case I: Post payer and seller entities",
          "location": null,
          "numPassingAsserts": 0,
          "status": "passed",
          "title": "[POST] Case I: Post payer and seller entities"
        },
        {
          "ancestorTitles": [
            "Staged [be-entity] Microservice",
            " ON [Entities] Api",
            " Endpoint: /entities"
          ],
          "duration": 7,
          "failureMessages": [],
          "fullName": "Staged [be-entity] Microservice  ON [Entities] Api  Endpoint: /entities [GET] Case I: Get Entities",
          "location": null,
          "numPassingAsserts": 0,
          "status": "passed",
          "title": "[GET] Case I: Get Entities"
        },
        {
          "ancestorTitles": [
            "Staged [be-entity] Microservice",
            " ON [Entities] Api",
            " Endpoint: /entities"
          ],
          "duration": 10,
          "failureMessages": [],
          "fullName": "Staged [be-entity] Microservice  ON [Entities] Api  Endpoint: /entities [GET] Case II: Get entities without user's data headers",
          "location": null,
          "numPassingAsserts": 0,
          "status": "passed",
          "title": "[GET] Case II: Get entities without user's data headers"
        },
        {
          "ancestorTitles": [
            "Staged [be-entity] Microservice",
            " ON [Entities] Api",
            " Endpoint: /entities"
          ],
          "duration": 28,
          "failureMessages": [],
          "fullName": "Staged [be-entity] Microservice  ON [Entities] Api  Endpoint: /entities [POST] Case III: Create Entity",
          "location": null,
          "numPassingAsserts": 0,
          "status": "passed",
          "title": "[POST] Case III: Create Entity"
        },
        {
          "ancestorTitles": [
            "Staged [be-entity] Microservice",
            " ON [Entities] Api",
            " Endpoint: /entities"
          ],
          "duration": 16,
          "failureMessages": [],
          "fullName": "Staged [be-entity] Microservice  ON [Entities] Api  Endpoint: /entities [PUT] Case IV: Update/Edit Entity",
          "location": null,
          "numPassingAsserts": 0,
          "status": "passed",
          "title": "[PUT] Case IV: Update/Edit Entity"
        },
        {
          "ancestorTitles": [
            "Staged [be-entity] Microservice",
            " ON [Authorizations] Api",
            " Endpoint: /api/v2/authorization/entity/:entity_id"
          ],
          "duration": 20,
          "failureMessages": [],
          "fullName": "Staged [be-entity] Microservice  ON [Authorizations] Api  Endpoint: /api/v2/authorization/entity/:entity_id [GET] Case I : Get entity authorizations",
          "location": null,
          "numPassingAsserts": 0,
          "status": "passed",
          "title": "[GET] Case I : Get entity authorizations"
        },
        {
          "ancestorTitles": [
            "Staged [be-entity] Microservice",
            " ON [Authorizations] Api",
            " Endpoint: /api/v2/authorization/entity/bulk/:entity_id"
          ],
          "duration": 23,
          "failureMessages": [],
          "fullName": "Staged [be-entity] Microservice  ON [Authorizations] Api  Endpoint: /api/v2/authorization/entity/bulk/:entity_id [POST] Case I : Authorization bulk create",
          "location": null,
          "numPassingAsserts": 0,
          "status": "passed",
          "title": "[POST] Case I : Authorization bulk create"
        },
        {
          "ancestorTitles": [
            "Staged [be-entity] Microservice",
            " ON [apiBankAccount] Api",
            " Endpoint: /api/v1/bank_account/entity/:id"
          ],
          "duration": 13,
          "failureMessages": [],
          "fullName": "Staged [be-entity] Microservice  ON [apiBankAccount] Api  Endpoint: /api/v1/bank_account/entity/:id [GET] Case I : Get apiBankAccount",
          "location": null,
          "numPassingAsserts": 0,
          "status": "passed",
          "title": "[GET] Case I : Get apiBankAccount"
        },
        {
          "ancestorTitles": [
            "Staged [be-entity] Microservice",
            " ON [apiBankAccount] Api",
            " Endpoint: /api/v1/bank_account/entity/:id/exist/"
          ],
          "duration": 15,
          "failureMessages": [],
          "fullName": "Staged [be-entity] Microservice  ON [apiBankAccount] Api  Endpoint: /api/v1/bank_account/entity/:id/exist/ [GET] Case I : get bank account by entity ID",
          "location": null,
          "numPassingAsserts": 0,
          "status": "passed",
          "title": "[GET] Case I : get bank account by entity ID"
        },
        {
          "ancestorTitles": [
            "Staged [be-entity] Microservice",
            " ON [apiBilling] Api",
            " Endpoint: /api/v2/billing"
          ],
          "duration": 22,
          "failureMessages": [],
          "fullName": "Staged [be-entity] Microservice  ON [apiBilling] Api  Endpoint: /api/v2/billing [POST] Case I : add information to the invoice",
          "location": null,
          "numPassingAsserts": 0,
          "status": "passed",
          "title": "[POST] Case I : add information to the invoice"
        },
        {
          "ancestorTitles": [
            "Staged [be-entity] Microservice",
            " ON [apiBilling] Api",
            " Endpoint: /api/v2/billing/entity/:id"
          ],
          "duration": 8,
          "failureMessages": [],
          "fullName": "Staged [be-entity] Microservice  ON [apiBilling] Api  Endpoint: /api/v2/billing/entity/:id [GET] Case I : Entity endpoint get billing info by entity",
          "location": null,
          "numPassingAsserts": 0,
          "status": "passed",
          "title": "[GET] Case I : Entity endpoint get billing info by entity"
        },
        {
          "ancestorTitles": [
            "Staged [be-entity] Microservice",
            " ON [apiBilling] Api",
            " Endpoint: /api/v2/billing/:id"
          ],
          "duration": 22,
          "failureMessages": [],
          "fullName": "Staged [be-entity] Microservice  ON [apiBilling] Api  Endpoint: /api/v2/billing/:id [GET] Case I : Get billing info by Id",
          "location": null,
          "numPassingAsserts": 0,
          "status": "passed",
          "title": "[GET] Case I : Get billing info by Id"
        },
        {
          "ancestorTitles": [
            "Staged [be-entity] Microservice",
            " ON [apiBilling] Api",
            " Endpoint: /api/v2/billing/:id"
          ],
          "duration": 23,
          "failureMessages": [],
          "fullName": "Staged [be-entity] Microservice  ON [apiBilling] Api  Endpoint: /api/v2/billing/:id [DELETE] Case II : Delete invoice information",
          "location": null,
          "numPassingAsserts": 0,
          "status": "passed",
          "title": "[DELETE] Case II : Delete invoice information"
        },
        {
          "ancestorTitles": [
            "Staged [be-entity] Microservice",
            " ON [apiBilling] Api",
            " Endpoint: /api/v2/billing/:id"
          ],
          "duration": 26,
          "failureMessages": [],
          "fullName": "Staged [be-entity] Microservice  ON [apiBilling] Api  Endpoint: /api/v2/billing/:id [PUT] Case I : Edit your invoice information ",
          "location": null,
          "numPassingAsserts": 0,
          "status": "passed",
          "title": "[PUT] Case I : Edit your invoice information "
        },
        {
          "ancestorTitles": [
            "Staged [be-entity] Microservice",
            " ON [apiCommercial] Api",
            " Endpoint: /api/v2/commercial/:id"
          ],
          "duration": 18,
          "failureMessages": [],
          "fullName": "Staged [be-entity] Microservice  ON [apiCommercial] Api  Endpoint: /api/v2/commercial/:id [GET] Case I : Get commercial",
          "location": null,
          "numPassingAsserts": 0,
          "status": "passed",
          "title": "[GET] Case I : Get commercial"
        },
        {
          "ancestorTitles": [
            "Staged [be-entity] Microservice",
            " ON [apiCommercial] Api",
            " Endpoint: /api/v2/commercial/:id"
          ],
          "duration": 5,
          "failureMessages": [],
          "fullName": "Staged [be-entity] Microservice  ON [apiCommercial] Api  Endpoint: /api/v2/commercial/:id [DELETE] Case II : Delete commercial",
          "location": null,
          "numPassingAsserts": 0,
          "status": "passed",
          "title": "[DELETE] Case II : Delete commercial"
        },
        {
          "ancestorTitles": [
            "Staged [be-entity] Microservice",
            " ON [apiCommercial] Api",
            " Endpoint: /api/v2/commercial/list"
          ],
          "duration": 13,
          "failureMessages": [],
          "fullName": "Staged [be-entity] Microservice  ON [apiCommercial] Api  Endpoint: /api/v2/commercial/list [GET] Case I : List of commercial",
          "location": null,
          "numPassingAsserts": 0,
          "status": "passed",
          "title": "[GET] Case I : List of commercial"
        },
        {
          "ancestorTitles": [
            "Staged [be-entity] Microservice",
            " ON [apiCommercial] Api",
            " Endpoint: /api/v2/commercial"
          ],
          "duration": 10,
          "failureMessages": [],
          "fullName": "Staged [be-entity] Microservice  ON [apiCommercial] Api  Endpoint: /api/v2/commercial [POST] Case I : New commercial",
          "location": null,
          "numPassingAsserts": 0,
          "status": "passed",
          "title": "[POST] Case I : New commercial"
        },
        {
          "ancestorTitles": [
            "Staged [be-entity] Microservice",
            " ON [apiEntities] Api",
            " Endpoint: /api/v2/entities/client"
          ],
          "duration": 5,
          "failureMessages": [],
          "fullName": "Staged [be-entity] Microservice  ON [apiEntities] Api  Endpoint: /api/v2/entities/client [GET] Case I: Get customer information",
          "location": null,
          "numPassingAsserts": 0,
          "status": "passed",
          "title": "[GET] Case I: Get customer information"
        },
        {
          "ancestorTitles": [
            "Staged [be-entity] Microservice",
            " ON [apiEntities] Api",
            " Endpoint: /api/v2/entities/client"
          ],
          "duration": 38,
          "failureMessages": [],
          "fullName": "Staged [be-entity] Microservice  ON [apiEntities] Api  Endpoint: /api/v2/entities/client [POST] Case II: creation of the new clients",
          "location": null,
          "numPassingAsserts": 0,
          "status": "passed",
          "title": "[POST] Case II: creation of the new clients"
        },
        {
          "ancestorTitles": [
            "Staged [be-entity] Microservice",
            " ON [apiEntities] Api",
            " Endpoint: /api/v2/entities/:id"
          ],
          "duration": 18,
          "failureMessages": [],
          "fullName": "Staged [be-entity] Microservice  ON [apiEntities] Api  Endpoint: /api/v2/entities/:id [GET] Case I: Get id entities",
          "location": null,
          "numPassingAsserts": 0,
          "status": "passed",
          "title": "[GET] Case I: Get id entities"
        },
        {
          "ancestorTitles": [
            "Staged [be-entity] Microservice",
            " ON [apiEntities] Api",
            " Endpoint: /api/v2/entities/nit/:nit"
          ],
          "duration": 7,
          "failureMessages": [],
          "fullName": "Staged [be-entity] Microservice  ON [apiEntities] Api  Endpoint: /api/v2/entities/nit/:nit [GET] Case I: Get entities with identifier type NIT",
          "location": null,
          "numPassingAsserts": 0,
          "status": "passed",
          "title": "[GET] Case I: Get entities with identifier type NIT"
        },
        {
          "ancestorTitles": [
            "Staged [be-entity] Microservice",
            " ON [apiEntities] Api",
            " Endpoint: /api/v2/entities/bank"
          ],
          "duration": 12,
          "failureMessages": [],
          "fullName": "Staged [be-entity] Microservice  ON [apiEntities] Api  Endpoint: /api/v2/entities/bank [GET] Case I: get bank account information",
          "location": null,
          "numPassingAsserts": 0,
          "status": "passed",
          "title": "[GET] Case I: get bank account information"
        },
        {
          "ancestorTitles": [
            "Staged [be-entity] Microservice",
            " ON [apiGetmani] Api",
            " Endpoint: /api/v1/getmati"
          ],
          "duration": 8,
          "failureMessages": [],
          "fullName": "Staged [be-entity] Microservice  ON [apiGetmani] Api  Endpoint: /api/v1/getmati [GET] Case I: Get information",
          "location": null,
          "numPassingAsserts": 0,
          "status": "passed",
          "title": "[GET] Case I: Get information"
        },
        {
          "ancestorTitles": [
            "Staged [be-entity] Microservice",
            " ON [apiGetmani] Api",
            " Endpoint: /api/v1/getmati/:id"
          ],
          "duration": 8,
          "failureMessages": [],
          "fullName": "Staged [be-entity] Microservice  ON [apiGetmani] Api  Endpoint: /api/v1/getmati/:id [PUT] Case II: Update information of user",
          "location": null,
          "numPassingAsserts": 0,
          "status": "passed",
          "title": "[PUT] Case II: Update information of user"
        },
        {
          "ancestorTitles": [
            "Staged [be-entity] Microservice",
            " ON [ApiGuarantors] Api",
            " Endpoint: /api/v2/guarantors"
          ],
          "duration": 15,
          "failureMessages": [],
          "fullName": "Staged [be-entity] Microservice  ON [ApiGuarantors] Api  Endpoint: /api/v2/guarantors [POST] Case I: Create guarantor by legal person",
          "location": null,
          "numPassingAsserts": 0,
          "status": "passed",
          "title": "[POST] Case I: Create guarantor by legal person"
        },
        {
          "ancestorTitles": [
            "Staged [be-entity] Microservice",
            " ON [ApiGuarantors] Api",
            " Endpoint: /api/v2/guarantors/entity/:id"
          ],
          "duration": 3,
          "failureMessages": [],
          "fullName": "Staged [be-entity] Microservice  ON [ApiGuarantors] Api  Endpoint: /api/v2/guarantors/entity/:id [DELETE] Case I: Delete the entitie's guarantor",
          "location": null,
          "numPassingAsserts": 0,
          "status": "passed",
          "title": "[DELETE] Case I: Delete the entitie's guarantor"
        },
        {
          "ancestorTitles": [
            "Staged [be-entity] Microservice",
            " ON [ApiGuarantors] Api",
            " Endpoint: /api/v2/guarantors/entity/:id"
          ],
          "duration": 7,
          "failureMessages": [],
          "fullName": "Staged [be-entity] Microservice  ON [ApiGuarantors] Api  Endpoint: /api/v2/guarantors/entity/:id [GET] Case II: GET the entitie's guarantor for id",
          "location": null,
          "numPassingAsserts": 0,
          "status": "passed",
          "title": "[GET] Case II: GET the entitie's guarantor for id"
        },
        {
          "ancestorTitles": [
            "Staged [be-entity] Microservice",
            " ON [ApiGuarantors] Api",
            " Endpoint: /api/v2/guarantors/entityDocument/:entityId/:document/:type"
          ],
          "duration": 8,
          "failureMessages": [],
          "fullName": "Staged [be-entity] Microservice  ON [ApiGuarantors] Api  Endpoint: /api/v2/guarantors/entityDocument/:entityId/:document/:type [GET] Case I: Get the selected document",
          "location": null,
          "numPassingAsserts": 0,
          "status": "passed",
          "title": "[GET] Case I: Get the selected document"
        },
        {
          "ancestorTitles": [
            "Staged [be-entity] Microservice",
            " ON [ApiGuarantors] Api",
            " Endpoint: /api/v2/guarantors/:id"
          ],
          "duration": 9,
          "failureMessages": [],
          "fullName": "Staged [be-entity] Microservice  ON [ApiGuarantors] Api  Endpoint: /api/v2/guarantors/:id [PUT] Case I: Put the guarantor",
          "location": null,
          "numPassingAsserts": 0,
          "status": "passed",
          "title": "[PUT] Case I: Put the guarantor"
        },
        {
          "ancestorTitles": [
            "Staged [be-entity] Microservice",
            " ON [ApiGuarantors] Api",
            " Endpoint: /api/v2/guarantors/:id"
          ],
          "duration": 8,
          "failureMessages": [],
          "fullName": "Staged [be-entity] Microservice  ON [ApiGuarantors] Api  Endpoint: /api/v2/guarantors/:id [DELETE] Case II: Delete the guarantor",
          "location": null,
          "numPassingAsserts": 0,
          "status": "passed",
          "title": "[DELETE] Case II: Delete the guarantor"
        },
        {
          "ancestorTitles": [
            "Staged [be-entity] Microservice",
            " ON [ApiGuarantors] Api",
            " Endpoint: /api/v2/guarantors/:id"
          ],
          "duration": 16,
          "failureMessages": [],
          "fullName": "Staged [be-entity] Microservice  ON [ApiGuarantors] Api  Endpoint: /api/v2/guarantors/:id [GET] Case III: Get the guarantor",
          "location": null,
          "numPassingAsserts": 0,
          "status": "passed",
          "title": "[GET] Case III: Get the guarantor"
        },
        {
          "ancestorTitles": [
            "Staged [be-entity] Microservice",
            " ON [ApiGuarantors] Api",
            " Endpoint: /api/v2/guarantors/entityDocument/:entityId/:document/:type"
          ],
          "duration": 11,
          "failureMessages": [],
          "fullName": "Staged [be-entity] Microservice  ON [ApiGuarantors] Api  Endpoint: /api/v2/guarantors/entityDocument/:entityId/:document/:type [GET] Case I: Get Guarantors",
          "location": null,
          "numPassingAsserts": 0,
          "status": "passed",
          "title": "[GET] Case I: Get Guarantors"
        },
        {
          "ancestorTitles": [
            "Staged [be-entity] Microservice",
            " ON [LegalRepresentative] Api",
            " Endpoint: /api/v1/legal_representative"
          ],
          "duration": 17,
          "failureMessages": [],
          "fullName": "Staged [be-entity] Microservice  ON [LegalRepresentative] Api  Endpoint: /api/v1/legal_representative [POST] Case I: Create legal representative",
          "location": null,
          "numPassingAsserts": 0,
          "status": "passed",
          "title": "[POST] Case I: Create legal representative"
        },
        {
          "ancestorTitles": [
            "Staged [be-entity] Microservice",
            " ON [LegalRepresentative] Api",
            " Endpoint: /api/v1/legal_representative"
          ],
          "duration": 22,
          "failureMessages": [],
          "fullName": "Staged [be-entity] Microservice  ON [LegalRepresentative] Api  Endpoint: /api/v1/legal_representative [GET] Case II: Get legal representative",
          "location": null,
          "numPassingAsserts": 0,
          "status": "passed",
          "title": "[GET] Case II: Get legal representative"
        },
        {
          "ancestorTitles": [
            "Staged [be-entity] Microservice",
            " ON [LegalRepresentative] Api",
            " Endpoint: /api/v1/legal_representative/entity/:id"
          ],
          "duration": 4,
          "failureMessages": [],
          "fullName": "Staged [be-entity] Microservice  ON [LegalRepresentative] Api  Endpoint: /api/v1/legal_representative/entity/:id [GET] Case I: Get entities of legal representative",
          "location": null,
          "numPassingAsserts": 0,
          "status": "passed",
          "title": "[GET] Case I: Get entities of legal representative"
        },
        {
          "ancestorTitles": [
            "Staged [be-entity] Microservice",
            " ON [LegalRepresentative] Api",
            " Endpoint: /api/v1/legal_representative/:id"
          ],
          "duration": 27,
          "failureMessages": [],
          "fullName": "Staged [be-entity] Microservice  ON [LegalRepresentative] Api  Endpoint: /api/v1/legal_representative/:id [DELETE] Case I: Delete legal representative",
          "location": null,
          "numPassingAsserts": 0,
          "status": "passed",
          "title": "[DELETE] Case I: Delete legal representative"
        },
        {
          "ancestorTitles": [
            "Staged [be-entity] Microservice",
            " ON [LegalRepresentative] Api",
            " Endpoint: /api/v1/legal_representative/:id"
          ],
          "duration": 16,
          "failureMessages": [],
          "fullName": "Staged [be-entity] Microservice  ON [LegalRepresentative] Api  Endpoint: /api/v1/legal_representative/:id [PUT] Case II: Update/edit legal representative by id",
          "location": null,
          "numPassingAsserts": 0,
          "status": "passed",
          "title": "[PUT] Case II: Update/edit legal representative by id"
        },
        {
          "ancestorTitles": [
            "Staged [be-entity] Microservice",
            " ON [ApiPlatform] Api",
            " Endpoint: /api/v2/platform/menu/:entity_id"
          ],
          "duration": 17,
          "failureMessages": [],
          "fullName": "Staged [be-entity] Microservice  ON [ApiPlatform] Api  Endpoint: /api/v2/platform/menu/:entity_id [GET] Case I: Get plataform by entities",
          "location": null,
          "numPassingAsserts": 0,
          "status": "passed",
          "title": "[GET] Case I: Get plataform by entities"
        },
        {
          "ancestorTitles": [
            "Staged [be-entity] Microservice",
            " ON [ApiProfiles] Api",
            " Endpoint: /api/v2/profiles"
          ],
          "duration": 375,
          "failureMessages": [],
          "fullName": "Staged [be-entity] Microservice  ON [ApiProfiles] Api  Endpoint: /api/v2/profiles [GET] Case I: Get the all entities",
          "location": null,
          "numPassingAsserts": 0,
          "status": "passed",
          "title": "[GET] Case I: Get the all entities"
        },
        {
          "ancestorTitles": [
            "Staged [be-entity] Microservice",
            " ON [ApiProfiles] Api",
            " Endpoint: /api/v2/profiles/entity/:id"
          ],
          "duration": 20,
          "failureMessages": [],
          "fullName": "Staged [be-entity] Microservice  ON [ApiProfiles] Api  Endpoint: /api/v2/profiles/entity/:id [GET] Case I: Get profiles by entities",
          "location": null,
          "numPassingAsserts": 0,
          "status": "passed",
          "title": "[GET] Case I: Get profiles by entities"
        },
        {
          "ancestorTitles": [
            "Staged [be-entity] Microservice",
            " ON [ApiProfiles] Api",
            " Endpoint: /api/v2/profiles/custom-search-profiles-entities-ids?"
          ],
          "duration": 511,
          "failureMessages": [],
          "fullName": "Staged [be-entity] Microservice  ON [ApiProfiles] Api  Endpoint: /api/v2/profiles/custom-search-profiles-entities-ids? [GET] Case I: Get the profiles by custom search",
          "location": null,
          "numPassingAsserts": 0,
          "status": "passed",
          "title": "[GET] Case I: Get the profiles by custom search"
        },
        {
          "ancestorTitles": [
            "Staged [be-entity] Microservice",
            " ON [ApiProfiles] Api",
            " Endpoint: /api/v2/profiles/funnel_status/:id"
          ],
          "duration": 16,
          "failureMessages": [],
          "fullName": "Staged [be-entity] Microservice  ON [ApiProfiles] Api  Endpoint: /api/v2/profiles/funnel_status/:id [GET] Case I: Get the status profile ",
          "location": null,
          "numPassingAsserts": 0,
          "status": "passed",
          "title": "[GET] Case I: Get the status profile "
        },
        {
          "ancestorTitles": [
            "Staged [be-entity] Microservice",
            " ON [ApiProfiles] Api",
            " Endpoint: /api/v2/profiles/:id"
          ],
          "duration": 12,
          "failureMessages": [],
          "fullName": "Staged [be-entity] Microservice  ON [ApiProfiles] Api  Endpoint: /api/v2/profiles/:id [GET] Case I: Get the profile",
          "location": null,
          "numPassingAsserts": 0,
          "status": "passed",
          "title": "[GET] Case I: Get the profile"
        },
        {
          "ancestorTitles": [
            "Staged [be-entity] Microservice",
            " ON [ApiRelations] Api",
            " Endpoint: /api/v2/relations/payer/:payerID/seller/:sellerID"
          ],
          "duration": 10,
          "failureMessages": [],
          "fullName": "Staged [be-entity] Microservice  ON [ApiRelations] Api  Endpoint: /api/v2/relations/payer/:payerID/seller/:sellerID [GET] Case I: Get relationship of payer and seller",
          "location": null,
          "numPassingAsserts": 0,
          "status": "passed",
          "title": "[GET] Case I: Get relationship of payer and seller"
        },
        {
          "ancestorTitles": [
            "Staged [be-entity] Microservice",
            " ON [ApiRelations] Api",
            " Endpoint: /api/v2/relations/:id"
          ],
          "duration": 29,
          "failureMessages": [],
          "fullName": "Staged [be-entity] Microservice  ON [ApiRelations] Api  Endpoint: /api/v2/relations/:id [PUT] Case I: Get relations by id",
          "location": null,
          "numPassingAsserts": 0,
          "status": "passed",
          "title": "[PUT] Case I: Get relations by id"
        },
        {
          "ancestorTitles": [
            "Staged [be-entity] Microservice",
            " ON [ApiRelations] Api",
            " Endpoint: /api/v2/relations/payer/:payerID/seller/:sellerID"
          ],
          "duration": 8,
          "failureMessages": [],
          "fullName": "Staged [be-entity] Microservice  ON [ApiRelations] Api  Endpoint: /api/v2/relations/payer/:payerID/seller/:sellerID [GET] Case I: Get relations payer",
          "location": null,
          "numPassingAsserts": 0,
          "status": "passed",
          "title": "[GET] Case I: Get relations payer"
        },
        {
          "ancestorTitles": [
            "Staged [be-entity] Microservice",
            " ON [ApiRelations] Api",
            " Endpoint: /api/v2/relations/payersBySeller/:sellerID"
          ],
          "duration": 6,
          "failureMessages": [],
          "fullName": "Staged [be-entity] Microservice  ON [ApiRelations] Api  Endpoint: /api/v2/relations/payersBySeller/:sellerID [GET] Case I: Get the payers",
          "location": null,
          "numPassingAsserts": 0,
          "status": "passed",
          "title": "[GET] Case I: Get the payers"
        },
        {
          "ancestorTitles": [
            "Staged [be-entity] Microservice",
            " ON [ApiScraping] Api",
            " Endpoint: /api/v1/scraping/entity/:entityOrProfileId"
          ],
          "duration": 30,
          "failureMessages": [],
          "fullName": "Staged [be-entity] Microservice  ON [ApiScraping] Api  Endpoint: /api/v1/scraping/entity/:entityOrProfileId [POST] Case I: Create scraping",
          "location": null,
          "numPassingAsserts": 0,
          "status": "passed",
          "title": "[POST] Case I: Create scraping"
        },
        {
          "ancestorTitles": [
            "Staged [be-entity] Microservice",
            " ON [ApiScraping] Api",
            " Endpoint: /api/v1/scraping/entity/:entityOrProfileId"
          ],
          "duration": 17,
          "failureMessages": [],
          "fullName": "Staged [be-entity] Microservice  ON [ApiScraping] Api  Endpoint: /api/v1/scraping/entity/:entityOrProfileId [GET] Case II: Get scrapping (consulted)",
          "location": null,
          "numPassingAsserts": 0,
          "status": "passed",
          "title": "[GET] Case II: Get scrapping (consulted)"
        },
        {
          "ancestorTitles": [
            "Staged [be-entity] Microservice",
            " ON [ApiScraping] Api",
            " Endpoint: /api/v1/scraping/entity/:entityOrProfileId"
          ],
          "duration": 75,
          "failureMessages": [],
          "fullName": "Staged [be-entity] Microservice  ON [ApiScraping] Api  Endpoint: /api/v1/scraping/entity/:entityOrProfileId [PUT] Case III: Update scrapping",
          "location": null,
          "numPassingAsserts": 0,
          "status": "passed",
          "title": "[PUT] Case III: Update scrapping"
        },
        {
          "ancestorTitles": [
            "Staged [be-entity] Microservice",
            " ON [ApiUserNotifications] Api",
            " Endpoint: /api/v1/user_notification/:entity_id"
          ],
          "duration": 174,
          "failureMessages": [],
          "fullName": "Staged [be-entity] Microservice  ON [ApiUserNotifications] Api  Endpoint: /api/v1/user_notification/:entity_id [PUT] Case I: PUT user notification",
          "location": null,
          "numPassingAsserts": 0,
          "status": "passed",
          "title": "[PUT] Case I: PUT user notification"
        },
        {
          "ancestorTitles": [
            "Staged [be-entity] Microservice",
            " ON [ApiUserNotifications] Api",
            " Endpoint: /api/v1/user_notification/:entity_id"
          ],
          "duration": 28,
          "failureMessages": [],
          "fullName": "Staged [be-entity] Microservice  ON [ApiUserNotifications] Api  Endpoint: /api/v1/user_notification/:entity_id [GET] Case II: Get user notification",
          "location": null,
          "numPassingAsserts": 0,
          "status": "passed",
          "title": "[GET] Case II: Get user notification"
        },
        {
          "ancestorTitles": [
            "Staged [be-entity] Microservice",
            " ON [ApiUserNotifications] Api",
            " Endpoint: /api/v1/user_notification"
          ],
          "duration": 13,
          "failureMessages": [],
          "fullName": "Staged [be-entity] Microservice  ON [ApiUserNotifications] Api  Endpoint: /api/v1/user_notification [POST] Case I: Post user notification",
          "location": null,
          "numPassingAsserts": 0,
          "status": "passed",
          "title": "[POST] Case I: Post user notification"
        },
        {
          "ancestorTitles": [
            "Staged [be-entity] Microservice",
            " ON [Index] Api",
            " Endpoint: /getAuctionHome"
          ],
          "duration": 33,
          "failureMessages": [],
          "fullName": "Staged [be-entity] Microservice  ON [Index] Api  Endpoint: /getAuctionHome [GET] Case I: Get Index Auction Home",
          "location": null,
          "numPassingAsserts": 0,
          "status": "passed",
          "title": "[GET] Case I: Get Index Auction Home"
        },
        {
          "ancestorTitles": [
            "Staged [be-entity] Microservice",
            " ON [Index] Api",
            " Endpoint: /healthCheck"
          ],
          "duration": 4,
          "failureMessages": [],
          "fullName": "Staged [be-entity] Microservice  ON [Index] Api  Endpoint: /healthCheck [GET] Case I: Get the entities and profiles",
          "location": null,
          "numPassingAsserts": 0,
          "status": "passed",
          "title": "[GET] Case I: Get the entities and profiles"
        },
        {
          "ancestorTitles": [
            "Staged [be-entity] Microservice",
            " ON [Index] Api",
            " Endpoint: /profilesAndEntities"
          ],
          "duration": 12160,
          "failureMessages": [],
          "fullName": "Staged [be-entity] Microservice  ON [Index] Api  Endpoint: /profilesAndEntities [GET] Case I: Get Profiles and Entities",
          "location": null,
          "numPassingAsserts": 0,
          "status": "passed",
          "title": "[GET] Case I: Get Profiles and Entities"
        },
        {
          "ancestorTitles": [
            "Staged [be-entity] Microservice",
            " ON [Index] Api",
            " Endpoint: /registerUser"
          ],
          "duration": 20,
          "failureMessages": [],
          "fullName": "Staged [be-entity] Microservice  ON [Index] Api  Endpoint: /registerUser [POST] Case I: Post user",
          "location": null,
          "numPassingAsserts": 0,
          "status": "passed",
          "title": "[POST] Case I: Post user"
        },
        {
          "ancestorTitles": [
            "Staged [be-entity] Microservice",
            " ON [Index] Api",
            " Endpoint: /registerUserV2"
          ],
          "duration": 57,
          "failureMessages": [],
          "fullName": "Staged [be-entity] Microservice  ON [Index] Api  Endpoint: /registerUserV2 [POST] Case I: Post user",
          "location": null,
          "numPassingAsserts": 0,
          "status": "passed",
          "title": "[POST] Case I: Post user"
        },
        {
          "ancestorTitles": [
            "Staged [be-entity] Microservice",
            " ON [Index] Api",
            " Endpoint: /updateUser"
          ],
          "duration": 35,
          "failureMessages": [],
          "fullName": "Staged [be-entity] Microservice  ON [Index] Api  Endpoint: /updateUser [POST] Case I: Post user",
          "location": null,
          "numPassingAsserts": 0,
          "status": "passed",
          "title": "[POST] Case I: Post user"
        },
        {
          "ancestorTitles": [
            "Staged [be-entity] Microservice",
            " ON [Index] Api",
            " Endpoint: /events/:id/:eventId"
          ],
          "duration": 79,
          "failureMessages": [],
          "fullName": "Staged [be-entity] Microservice  ON [Index] Api  Endpoint: /events/:id/:eventId [GET] Case I: Get the user's events",
          "location": null,
          "numPassingAsserts": 0,
          "status": "passed",
          "title": "[GET] Case I: Get the user's events"
        },
        {
          "ancestorTitles": [
            "Staged [be-entity] Microservice",
            " ON [Profiles] Api",
            " Endpoint: /profiles"
          ],
          "duration": 23,
          "failureMessages": [],
          "fullName": "Staged [be-entity] Microservice  ON [Profiles] Api  Endpoint: /profiles [GET] Case I: Get the profiles",
          "location": null,
          "numPassingAsserts": 0,
          "status": "passed",
          "title": "[GET] Case I: Get the profiles"
        },
        {
          "ancestorTitles": [
            "Staged [be-entity] Microservice",
            " ON [Profiles] Api",
            " Endpoint: /profiles"
          ],
          "duration": 7,
          "failureMessages": [],
          "fullName": "Staged [be-entity] Microservice  ON [Profiles] Api  Endpoint: /profiles [GET] Case II: Get profiles",
          "location": null,
          "numPassingAsserts": 0,
          "status": "passed",
          "title": "[GET] Case II: Get profiles"
        },
        {
          "ancestorTitles": [
            "Staged [be-entity] Microservice",
            " ON [Profiles] Api",
            " Endpoint: /profiles"
          ],
          "duration": 21,
          "failureMessages": [],
          "fullName": "Staged [be-entity] Microservice  ON [Profiles] Api  Endpoint: /profiles [POST] Case III: Post profiles",
          "location": null,
          "numPassingAsserts": 0,
          "status": "passed",
          "title": "[POST] Case III: Post profiles"
        },
        {
          "ancestorTitles": [
            "Staged [be-entity] Microservice",
            " ON [Profiles] Api",
            " Endpoint: /profiles"
          ],
          "duration": 6,
          "failureMessages": [],
          "fullName": "Staged [be-entity] Microservice  ON [Profiles] Api  Endpoint: /profiles [PUT] Case IV: Put profile",
          "location": null,
          "numPassingAsserts": 0,
          "status": "passed",
          "title": "[PUT] Case IV: Put profile"
        },
        {
          "ancestorTitles": [
            "Staged [be-entity] Microservice",
            " ON [Profiles] Api",
            " Endpoint: /profiles/count_users_by/:key/:value"
          ],
          "duration": 7,
          "failureMessages": [],
          "fullName": "Staged [be-entity] Microservice  ON [Profiles] Api  Endpoint: /profiles/count_users_by/:key/:value [GET] Case I: Get the user's count",
          "location": null,
          "numPassingAsserts": 0,
          "status": "passed",
          "title": "[GET] Case I: Get the user's count"
        },
        {
          "ancestorTitles": [
            "Staged [be-entity] Microservice",
            " ON [Profiles] Api",
            " Endpoint: /profiles/:id"
          ],
          "duration": 6,
          "failureMessages": [],
          "fullName": "Staged [be-entity] Microservice  ON [Profiles] Api  Endpoint: /profiles/:id [GET] Case I: Get the profile by id",
          "location": null,
          "numPassingAsserts": 0,
          "status": "passed",
          "title": "[GET] Case I: Get the profile by id"
        },
        {
          "ancestorTitles": [
            "Staged [be-entity] Microservice",
            " ON [Profiles] Api",
            " Endpoint: /profiles/list/:intention"
          ],
          "duration": 8,
          "failureMessages": [],
          "fullName": "Staged [be-entity] Microservice  ON [Profiles] Api  Endpoint: /profiles/list/:intention [GET] Case I: Get the list of intentnion",
          "location": null,
          "numPassingAsserts": 0,
          "status": "passed",
          "title": "[GET] Case I: Get the list of intentnion"
        },
        {
          "ancestorTitles": [
            "Staged [be-entity] Microservice",
            " ON [Profiles] Api",
            " Endpoint: /profiles/profilesWithEmails"
          ],
          "duration": 10,
          "failureMessages": [],
          "fullName": "Staged [be-entity] Microservice  ON [Profiles] Api  Endpoint: /profiles/profilesWithEmails [POST] Case I: Post profiles with emails",
          "location": null,
          "numPassingAsserts": 0,
          "status": "passed",
          "title": "[POST] Case I: Post profiles with emails"
        },
        {
          "ancestorTitles": [
            "Staged [be-entity] Microservice",
            " ON [Profiles] Api",
            " Endpoint: /profiles/profilesWithEntities"
          ],
          "duration": 11718,
          "failureMessages": [],
          "fullName": "Staged [be-entity] Microservice  ON [Profiles] Api  Endpoint: /profiles/profilesWithEntities [POST] Case I: Post profiles with entities",
          "location": null,
          "numPassingAsserts": 0,
          "status": "passed",
          "title": "[POST] Case I: Post profiles with entities"
        },
        {
          "ancestorTitles": [
            "Staged [be-entity] Microservice",
            " ON [relations] Api",
            " Endpoint: /relations"
          ],
          "duration": 552,
          "failureMessages": [],
          "fullName": "Staged [be-entity] Microservice  ON [relations] Api  Endpoint: /relations [GET] Case I: Returns an array with all relations",
          "location": null,
          "numPassingAsserts": 0,
          "status": "passed",
          "title": "[GET] Case I: Returns an array with all relations"
        },
        {
          "ancestorTitles": [
            "Staged [be-entity] Microservice",
            " ON [relations] Api",
            " Endpoint: /relations"
          ],
          "duration": 29,
          "failureMessages": [],
          "fullName": "Staged [be-entity] Microservice  ON [relations] Api  Endpoint: /relations [PUT] Case II: update relationship",
          "location": null,
          "numPassingAsserts": 0,
          "status": "passed",
          "title": "[PUT] Case II: update relationship"
        },
        {
          "ancestorTitles": [
            "Staged [be-entity] Microservice",
            " ON [relations] Api",
            " Endpoint: /relations/naturalPayer/:cc/:sellerId"
          ],
          "duration": 26,
          "failureMessages": [],
          "fullName": "Staged [be-entity] Microservice  ON [relations] Api  Endpoint: /relations/naturalPayer/:cc/:sellerId [GET] Case I: Bring the seller's relationship with the ID",
          "location": null,
          "numPassingAsserts": 0,
          "status": "passed",
          "title": "[GET] Case I: Bring the seller's relationship with the ID"
        },
        {
          "ancestorTitles": [
            "Staged [be-entity] Microservice",
            " ON [relations] Api",
            " Endpoint: /relations/delete/:id"
          ],
          "duration": 11,
          "failureMessages": [],
          "fullName": "Staged [be-entity] Microservice  ON [relations] Api  Endpoint: /relations/delete/:id [GET] Case I: Deletes the relation with the id give",
          "location": null,
          "numPassingAsserts": 0,
          "status": "passed",
          "title": "[GET] Case I: Deletes the relation with the id give"
        },
        {
          "ancestorTitles": [
            "Staged [be-entity] Microservice",
            " ON [relations] Api",
            " Endpoint: /relations/:id"
          ],
          "duration": 12,
          "failureMessages": [],
          "fullName": "Staged [be-entity] Microservice  ON [relations] Api  Endpoint: /relations/:id [GET] Case I: Get id of relations",
          "location": null,
          "numPassingAsserts": 0,
          "status": "passed",
          "title": "[GET] Case I: Get id of relations"
        },
        {
          "ancestorTitles": [
            "Staged [be-entity] Microservice",
            " ON [relations] Api",
            " Endpoint: /relations/legalPayer/:nit/:vd/:sellerId"
          ],
          "duration": 13,
          "failureMessages": [],
          "fullName": "Staged [be-entity] Microservice  ON [relations] Api  Endpoint: /relations/legalPayer/:nit/:vd/:sellerId [GET] Case I: relationship between natural payer and seller",
          "location": null,
          "numPassingAsserts": 0,
          "status": "passed",
          "title": "[GET] Case I: relationship between natural payer and seller"
        },
        {
          "ancestorTitles": [
            "Staged [be-entity] Microservice",
            " ON [relations] Api",
            " Endpoint: /relations/payersBySeller/:id"
          ],
          "duration": 14,
          "failureMessages": [],
          "fullName": "Staged [be-entity] Microservice  ON [relations] Api  Endpoint: /relations/payersBySeller/:id [GET] Case I: Get id of relations PayerBySellers",
          "location": null,
          "numPassingAsserts": 0,
          "status": "passed",
          "title": "[GET] Case I: Get id of relations PayerBySellers"
        },
        {
          "ancestorTitles": [
            "Staged [be-entity] Microservice",
            " ON [users] Api",
            " Endpoint: /users/getUsersByDate"
          ],
          "duration": 426,
          "failureMessages": [],
          "fullName": "Staged [be-entity] Microservice  ON [users] Api  Endpoint: /users/getUsersByDate [POST] Case I: Get entities and profiles with identifiers",
          "location": null,
          "numPassingAsserts": 0,
          "status": "passed",
          "title": "[POST] Case I: Get entities and profiles with identifiers"
        }
      ],
      "failureMessage": null
    }
  ],
  "wasInterrupted": false
}